  OBJLoader.cpp
C:\Users\riche\OneDrive\Desktop\s233122\Programing-For-Graphics\ProgramingForGraphics\OBJLoader.cpp(159,21): warning C4018: '<': signed/unsigned mismatch
  Shader.cpp
  Transform.cpp
  main.cpp
C:\Users\riche\OneDrive\Desktop\s233122\Programing-For-Graphics\ProgramingForGraphics\main.cpp(193,12): warning C4305: '+=': truncation from 'double' to 'float'
C:\Users\riche\OneDrive\Desktop\s233122\Programing-For-Graphics\ProgramingForGraphics\main.cpp(194,21): warning C4018: '<': signed/unsigned mismatch
  mesh.cpp
C:\Users\riche\OneDrive\Desktop\s233122\Programing-For-Graphics\ProgramingForGraphics\mesh.cpp(28,20): warning C4018: '<': signed/unsigned mismatch
  Generating Code...
LINK : warning LNK4098: defaultlib 'LIBCMT' conflicts with use of other libs; use /NODEFAULTLIB:library
LINK : warning LNK4217: symbol '___glewUseProgram' defined in 'glew32s.lib(glew.obj)' is imported by 'Lightbase.obj' in function '"public: void __thiscall Lightbase::Draw(class Camera *)" (?Draw@Lightbase@@QAEXPAVCamera@@@Z)'
LINK : warning LNK4286: symbol '___glewUseProgram' defined in 'glew32s.lib(glew.obj)' is imported by 'Shader.obj'
LINK : warning LNK4217: symbol '___glewBindBuffer' defined in 'glew32s.lib(glew.obj)' is imported by 'mesh.obj' in function '"public: __thiscall Mesh::Mesh(struct Vertex *,unsigned int,unsigned int *,unsigned int)" (??0Mesh@@QAE@PAUVertex@@IPAII@Z)'
LINK : warning LNK4217: symbol '___glewBufferData' defined in 'glew32s.lib(glew.obj)' is imported by 'mesh.obj' in function '"public: __thiscall Mesh::Mesh(struct Vertex *,unsigned int,unsigned int *,unsigned int)" (??0Mesh@@QAE@PAUVertex@@IPAII@Z)'
LINK : warning LNK4217: symbol '___glewGenBuffers' defined in 'glew32s.lib(glew.obj)' is imported by 'mesh.obj' in function '"public: __thiscall Mesh::Mesh(struct Vertex *,unsigned int,unsigned int *,unsigned int)" (??0Mesh@@QAE@PAUVertex@@IPAII@Z)'
LINK : warning LNK4217: symbol '___glewEnableVertexAttribArray' defined in 'glew32s.lib(glew.obj)' is imported by 'mesh.obj' in function '"public: __thiscall Mesh::Mesh(struct Vertex *,unsigned int,unsigned int *,unsigned int)" (??0Mesh@@QAE@PAUVertex@@IPAII@Z)'
LINK : warning LNK4217: symbol '___glewVertexAttribPointer' defined in 'glew32s.lib(glew.obj)' is imported by 'mesh.obj' in function '"public: __thiscall Mesh::Mesh(struct Vertex *,unsigned int,unsigned int *,unsigned int)" (??0Mesh@@QAE@PAUVertex@@IPAII@Z)'
LINK : warning LNK4217: symbol '___glewBindVertexArray' defined in 'glew32s.lib(glew.obj)' is imported by 'mesh.obj' in function '"public: __thiscall Mesh::Mesh(struct Vertex *,unsigned int,unsigned int *,unsigned int)" (??0Mesh@@QAE@PAUVertex@@IPAII@Z)'
LINK : warning LNK4217: symbol '___glewDeleteVertexArrays' defined in 'glew32s.lib(glew.obj)' is imported by 'mesh.obj' in function '"public: __thiscall Mesh::~Mesh(void)" (??1Mesh@@QAE@XZ)'
LINK : warning LNK4217: symbol '___glewGenVertexArrays' defined in 'glew32s.lib(glew.obj)' is imported by 'mesh.obj' in function '"public: __thiscall Mesh::Mesh(struct Vertex *,unsigned int,unsigned int *,unsigned int)" (??0Mesh@@QAE@PAUVertex@@IPAII@Z)'
LINK : warning LNK4217: symbol '___glewActiveTexture' defined in 'glew32s.lib(glew.obj)' is imported by 'Shader.obj' in function '"public: void __thiscall Shader::Update(class Transform &,class std::vector<class Lightbase *,class std::allocator<class Lightbase *> >)" (?Update@Shader@@QAEXAAVTransform@@V?$vector@PAVLightbase@@V?$allocator@PAVLightbase@@@std@@@std@@@Z)'
LINK : warning LNK4217: symbol '___glewAttachShader' defined in 'glew32s.lib(glew.obj)' is imported by 'Shader.obj' in function '"public: __thiscall Shader::Shader(class std::basic_string<char,struct std::char_traits<char>,class std::allocator<char> >,class Camera &,class std::basic_string<char,struct std::char_traits<char>,class std::allocator<char> > &,class std::basic_string<char,struct std::char_traits<char>,class std::allocator<char> > &,class std::basic_string<char,struct std::char_traits<char>,class std::allocator<char> > &,class std::basic_string<char,struct std::char_traits<char>,class std::allocator<char> > &)" (??0Shader@@QAE@V?$basic_string@DU?$char_traits@D@std@@V?$allocator@D@2@@std@@AAVCamera@@AAV12@222@Z)'
LINK : warning LNK4217: symbol '___glewCompileShader' defined in 'glew32s.lib(glew.obj)' is imported by 'Shader.obj' in function '"public: static unsigned int __cdecl Shader::CreateShader(class std::basic_string<char,struct std::char_traits<char>,class std::allocator<char> > const &,unsigned int)" (?CreateShader@Shader@@SAIABV?$basic_string@DU?$char_traits@D@std@@V?$allocator@D@2@@std@@I@Z)'
LINK : warning LNK4217: symbol '___glewCreateProgram' defined in 'glew32s.lib(glew.obj)' is imported by 'Shader.obj' in function '"public: __thiscall Shader::Shader(class std::basic_string<char,struct std::char_traits<char>,class std::allocator<char> >,class Camera &,class std::basic_string<char,struct std::char_traits<char>,class std::allocator<char> > &,class std::basic_string<char,struct std::char_traits<char>,class std::allocator<char> > &,class std::basic_string<char,struct std::char_traits<char>,class std::allocator<char> > &,class std::basic_string<char,struct std::char_traits<char>,class std::allocator<char> > &)" (??0Shader@@QAE@V?$basic_string@DU?$char_traits@D@std@@V?$allocator@D@2@@std@@AAVCamera@@AAV12@222@Z)'
LINK : warning LNK4217: symbol '___glewCreateShader' defined in 'glew32s.lib(glew.obj)' is imported by 'Shader.obj' in function '"public: static unsigned int __cdecl Shader::CreateShader(class std::basic_string<char,struct std::char_traits<char>,class std::allocator<char> > const &,unsigned int)" (?CreateShader@Shader@@SAIABV?$basic_string@DU?$char_traits@D@std@@V?$allocator@D@2@@std@@I@Z)'
LINK : warning LNK4217: symbol '___glewDeleteProgram' defined in 'glew32s.lib(glew.obj)' is imported by 'Shader.obj' in function '"public: __thiscall Shader::~Shader(void)" (??1Shader@@QAE@XZ)'
LINK : warning LNK4217: symbol '___glewDeleteShader' defined in 'glew32s.lib(glew.obj)' is imported by 'Shader.obj' in function '"public: __thiscall Shader::~Shader(void)" (??1Shader@@QAE@XZ)'
LINK : warning LNK4217: symbol '___glewDetachShader' defined in 'glew32s.lib(glew.obj)' is imported by 'Shader.obj' in function '"public: __thiscall Shader::~Shader(void)" (??1Shader@@QAE@XZ)'
LINK : warning LNK4217: symbol '___glewGetProgramInfoLog' defined in 'glew32s.lib(glew.obj)' is imported by 'Shader.obj' in function '"void __cdecl CheckShaderError(unsigned int,unsigned int,bool,class std::basic_string<char,struct std::char_traits<char>,class std::allocator<char> > const &)" (?CheckShaderError@@YAXII_NABV?$basic_string@DU?$char_traits@D@std@@V?$allocator@D@2@@std@@@Z)'
LINK : warning LNK4217: symbol '___glewGetProgramiv' defined in 'glew32s.lib(glew.obj)' is imported by 'Shader.obj' in function '"void __cdecl CheckShaderError(unsigned int,unsigned int,bool,class std::basic_string<char,struct std::char_traits<char>,class std::allocator<char> > const &)" (?CheckShaderError@@YAXII_NABV?$basic_string@DU?$char_traits@D@std@@V?$allocator@D@2@@std@@@Z)'
LINK : warning LNK4217: symbol '___glewGetShaderInfoLog' defined in 'glew32s.lib(glew.obj)' is imported by 'Shader.obj' in function '"void __cdecl CheckShaderError(unsigned int,unsigned int,bool,class std::basic_string<char,struct std::char_traits<char>,class std::allocator<char> > const &)" (?CheckShaderError@@YAXII_NABV?$basic_string@DU?$char_traits@D@std@@V?$allocator@D@2@@std@@@Z)'
LINK : warning LNK4217: symbol '___glewGetShaderiv' defined in 'glew32s.lib(glew.obj)' is imported by 'Shader.obj' in function '"void __cdecl CheckShaderError(unsigned int,unsigned int,bool,class std::basic_string<char,struct std::char_traits<char>,class std::allocator<char> > const &)" (?CheckShaderError@@YAXII_NABV?$basic_string@DU?$char_traits@D@std@@V?$allocator@D@2@@std@@@Z)'
LINK : warning LNK4217: symbol '___glewGetUniformLocation' defined in 'glew32s.lib(glew.obj)' is imported by 'Shader.obj' in function '"public: __thiscall Shader::Shader(class std::basic_string<char,struct std::char_traits<char>,class std::allocator<char> >,class Camera &,class std::basic_string<char,struct std::char_traits<char>,class std::allocator<char> > &,class std::basic_string<char,struct std::char_traits<char>,class std::allocator<char> > &,class std::basic_string<char,struct std::char_traits<char>,class std::allocator<char> > &,class std::basic_string<char,struct std::char_traits<char>,class std::allocator<char> > &)" (??0Shader@@QAE@V?$basic_string@DU?$char_traits@D@std@@V?$allocator@D@2@@std@@AAVCamera@@AAV12@222@Z)'
LINK : warning LNK4217: symbol '___glewLinkProgram' defined in 'glew32s.lib(glew.obj)' is imported by 'Shader.obj' in function '"public: __thiscall Shader::Shader(class std::basic_string<char,struct std::char_traits<char>,class std::allocator<char> >,class Camera &,class std::basic_string<char,struct std::char_traits<char>,class std::allocator<char> > &,class std::basic_string<char,struct std::char_traits<char>,class std::allocator<char> > &,class std::basic_string<char,struct std::char_traits<char>,class std::allocator<char> > &,class std::basic_string<char,struct std::char_traits<char>,class std::allocator<char> > &)" (??0Shader@@QAE@V?$basic_string@DU?$char_traits@D@std@@V?$allocator@D@2@@std@@AAVCamera@@AAV12@222@Z)'
LINK : warning LNK4217: symbol '___glewShaderSource' defined in 'glew32s.lib(glew.obj)' is imported by 'Shader.obj' in function '"public: static unsigned int __cdecl Shader::CreateShader(class std::basic_string<char,struct std::char_traits<char>,class std::allocator<char> > const &,unsigned int)" (?CreateShader@Shader@@SAIABV?$basic_string@DU?$char_traits@D@std@@V?$allocator@D@2@@std@@I@Z)'
LINK : warning LNK4217: symbol '___glewUniform1f' defined in 'glew32s.lib(glew.obj)' is imported by 'Shader.obj' in function '"public: void __thiscall Shader::Update(class Transform &,class std::vector<class Lightbase *,class std::allocator<class Lightbase *> >)" (?Update@Shader@@QAEXAAVTransform@@V?$vector@PAVLightbase@@V?$allocator@PAVLightbase@@@std@@@std@@@Z)'
LINK : warning LNK4217: symbol '___glewUniform1i' defined in 'glew32s.lib(glew.obj)' is imported by 'Shader.obj' in function '"public: void __thiscall Shader::Update(class Transform &,class std::vector<class Lightbase *,class std::allocator<class Lightbase *> >)" (?Update@Shader@@QAEXAAVTransform@@V?$vector@PAVLightbase@@V?$allocator@PAVLightbase@@@std@@@std@@@Z)'
LINK : warning LNK4217: symbol '___glewUniform3f' defined in 'glew32s.lib(glew.obj)' is imported by 'Shader.obj' in function '"public: void __thiscall Shader::Update(class Transform &,class std::vector<class Lightbase *,class std::allocator<class Lightbase *> >)" (?Update@Shader@@QAEXAAVTransform@@V?$vector@PAVLightbase@@V?$allocator@PAVLightbase@@@std@@@std@@@Z)'
LINK : warning LNK4217: symbol '___glewUniformMatrix4fv' defined in 'glew32s.lib(glew.obj)' is imported by 'Shader.obj' in function '"public: void __thiscall Shader::Update(class Transform &,class std::vector<class Lightbase *,class std::allocator<class Lightbase *> >)" (?Update@Shader@@QAEXAAVTransform@@V?$vector@PAVLightbase@@V?$allocator@PAVLightbase@@@std@@@std@@@Z)'
LINK : warning LNK4217: symbol '___glewValidateProgram' defined in 'glew32s.lib(glew.obj)' is imported by 'Shader.obj' in function '"public: __thiscall Shader::Shader(class std::basic_string<char,struct std::char_traits<char>,class std::allocator<char> >,class Camera &,class std::basic_string<char,struct std::char_traits<char>,class std::allocator<char> > &,class std::basic_string<char,struct std::char_traits<char>,class std::allocator<char> > &,class std::basic_string<char,struct std::char_traits<char>,class std::allocator<char> > &,class std::basic_string<char,struct std::char_traits<char>,class std::allocator<char> > &)" (??0Shader@@QAE@V?$basic_string@DU?$char_traits@D@std@@V?$allocator@D@2@@std@@AAVCamera@@AAV12@222@Z)'
glew32s.lib(glew.obj) : warning LNK4099: PDB 'vc120.pdb' was not found with 'glew32s.lib(glew.obj)' or at 'C:\Users\riche\OneDrive\Desktop\s233122\Programing-For-Graphics\Debug\vc120.pdb'; linking object as if no debug info
  ProgramingForGraphics.vcxproj -> C:\Users\riche\OneDrive\Desktop\s233122\Programing-For-Graphics\Debug\ProgramingForGraphics.exe
