c:\users\riche\onedrive\desktop\s233122\programing-for-graphics\programingforgraphics\debug\vc142.pdb
c:\users\riche\onedrive\desktop\s233122\programing-for-graphics\programingforgraphics\debug\vc142.idb
c:\users\administrator\desktop\s233122\programing for graphics\programingforgraphics\debug\vc142.pdb
c:\users\administrator\desktop\s233122\programing for graphics\programingforgraphics\debug\vc142.idb
c:\users\administrator\desktop\s233122\programing for graphics\programingforgraphics\debug\transform.obj
c:\users\administrator\desktop\s233122\programing for graphics\programingforgraphics\debug\texture.obj
c:\users\administrator\desktop\s233122\programing for graphics\programingforgraphics\debug\shader.obj
c:\users\administrator\desktop\s233122\programing for graphics\programingforgraphics\debug\mesh.obj
c:\users\administrator\desktop\s233122\programing for graphics\programingforgraphics\debug\main.obj
c:\users\administrator\desktop\s233122\programing for graphics\programingforgraphics\debug\lightbase.obj
c:\users\administrator\desktop\s233122\programing for graphics\programingforgraphics\debug\input.obj
c:\users\administrator\desktop\s233122\programing for graphics\programingforgraphics\debug\camera.obj
c:\users\administrator\desktop\s233122\programing for graphics\debug\programingforgraphics.exe
c:\users\administrator\desktop\s233122\programing for graphics\programingforgraphics\debug\programingforgraphics.ilk
c:\users\administrator\desktop\s233122\programing for graphics\debug\programingforgraphics.pdb
c:\users\administrator\desktop\s233122\programing for graphics\programingforgraphics\debug\triangles.obj
c:\users\administrator\desktop\s233122\programing for graphics\programingforgraphics\debug\window.obj
c:\users\administrator\desktop\s233122\programing for graphics\programingforgraphics\debug\mesh.obj.enc
c:\users\administrator\desktop\s233122\programing for graphics\programingforgraphics\debug\shader.obj.enc
c:\users\administrator\desktop\s233122\programing for graphics\programingforgraphics\debug\programi.6ccf41e3.tlog\cl.command.1.tlog
c:\users\administrator\desktop\s233122\programing for graphics\programingforgraphics\debug\programi.6ccf41e3.tlog\cl.read.1.tlog
c:\users\administrator\desktop\s233122\programing for graphics\programingforgraphics\debug\programi.6ccf41e3.tlog\cl.write.1.tlog
c:\users\administrator\desktop\s233122\programing for graphics\programingforgraphics\debug\programi.6ccf41e3.tlog\link.command.1.tlog
c:\users\administrator\desktop\s233122\programing for graphics\programingforgraphics\debug\programi.6ccf41e3.tlog\link.read.1.tlog
c:\users\administrator\desktop\s233122\programing for graphics\programingforgraphics\debug\programi.6ccf41e3.tlog\link.write.1.tlog
