  imgui_impl_sdl.cpp
C:\Users\riche\OneDrive\Desktop\s233122\Game-Engine-Development\RCasey Tutorial 04 Exercise 03\imgui-master\backends\imgui_impl_sdl.cpp(56,10): fatal error C1083: Cannot open include file: 'imgui.h': No such file or directory
  imgui.cpp
  imgui_demo.cpp
  imgui_draw.cpp
  imgui_tables.cpp
  imgui_widgets.cpp
  imgui_sdl.cpp
C:\Users\riche\OneDrive\Desktop\s233122\Game-Engine-Development\RCasey Tutorial 04 Exercise 03\imgui_sdl-master\imgui_sdl.cpp(3,10): fatal error C1083: Cannot open include file: 'SDL.h': No such file or directory
  bitmap.cpp
C:\Users\riche\OneDrive\Desktop\s233122\Game-Engine-Development\RCasey Tutorial 04 Exercise 03\RCaseySDL\bitmap.cpp(3,10): fatal error C1083: Cannot open include file: 'SDL.h': No such file or directory
  Creature.cpp
  Game.cpp
C:\Users\riche\OneDrive\Desktop\s233122\Game-Engine-Development\RCasey Tutorial 04 Exercise 03\RCaseySDL\Game.h(3,10): fatal error C1083: Cannot open include file: 'SDL.h': No such file or directory
  Hero.cpp
  input.cpp
C:\Users\riche\OneDrive\Desktop\s233122\Game-Engine-Development\RCasey Tutorial 04 Exercise 03\RCaseySDL\input.h(2,10): fatal error C1083: Cannot open include file: 'SDL.h': No such file or directory
  main.cpp
C:\Users\riche\OneDrive\Desktop\s233122\Game-Engine-Development\RCasey Tutorial 04 Exercise 03\RCaseySDL\Game.h(3,10): fatal error C1083: Cannot open include file: 'SDL.h': No such file or directory
  Monster.cpp
C:\Users\riche\OneDrive\Desktop\s233122\Game-Engine-Development\RCasey Tutorial 04 Exercise 03\RCaseySDL\Game.h(3,10): fatal error C1083: Cannot open include file: 'SDL.h': No such file or directory
  TextureManager.cpp
C:\Users\riche\OneDrive\Desktop\s233122\Game-Engine-Development\RCasey Tutorial 04 Exercise 03\RCaseySDL\TextureManager.h(3,10): fatal error C1083: Cannot open include file: 'SDL.h': No such file or directory
  Generating Code...
